# JRE version: OpenJDK Runtime Environment Temurin-17.0.4.1+1 (17.0.4.1+1) (build 17.0.4.1+1)
# Java VM: OpenJDK 64-Bit Server VM Temurin-17.0.4.1+1 (17.0.4.1+1, mixed mode, tiered, compressed oops, compressed class ptrs, g1 gc, bsd-aarch64)
GC Precious Log:
 CPUs: 8 total, 8 available
 Memory: 16384M
 Large Page Support: Disabled
 NUMA Support: Disabled
 Compressed Oops: Enabled (Zero based)
 Heap Region Size: 2M
 Heap Min Capacity: 8M
 Heap Initial Capacity: 256M
 Heap Max Capacity: 4G
 Pre-touch: Disabled
 Parallel Workers: 8
 Concurrent Workers: 2
 Concurrent Refinement Workers: 8
 Periodic GC: Disabled
Heap:
 garbage-first heap   total 143360K, used 75718K [0x0000000700000000, 0x0000000800000000)
  region size 2048K, 21 young (43008K), 3 survivors (6144K)
 Metaspace       used 88801K, committed 89408K, reserved 1130496K
  class space    used 11538K, committed 11840K, reserved 1048576K
GC Heap History (20 events):
Event: 3.017 GC heap before
{Heap before GC invocations=22 (full 0):
 garbage-first heap   total 110592K, used 83503K [0x0000000700000000, 0x0000000800000000)
  region size 2048K, 28 young (57344K), 4 survivors (8192K)
 Metaspace       used 77875K, committed 78464K, reserved 1122304K
  class space    used 10232K, committed 10496K, reserved 1048576K
}
Event: 3.022 GC heap after
{Heap after GC invocations=23 (full 0):
 garbage-first heap   total 133120K, used 43518K [0x0000000700000000, 0x0000000800000000)
  region size 2048K, 4 young (8192K), 4 survivors (8192K)
 Metaspace       used 77875K, committed 78464K, reserved 1122304K
  class space    used 10232K, committed 10496K, reserved 1048576K
}
Event: 3.107 GC heap before
{Heap before GC invocations=23 (full 0):
 garbage-first heap   total 133120K, used 92670K [0x0000000700000000, 0x0000000800000000)
  region size 2048K, 29 young (59392K), 4 survivors (8192K)
 Metaspace       used 77875K, committed 78464K, reserved 1122304K
  class space    used 10232K, committed 10496K, reserved 1048576K
}
Event: 3.112 GC heap after
{Heap after GC invocations=24 (full 0):
 garbage-first heap   total 133120K, used 56219K [0x0000000700000000, 0x0000000800000000)
  region size 2048K, 4 young (8192K), 4 survivors (8192K)
 Metaspace       used 77875K, committed 78464K, reserved 1122304K
  class space    used 10232K, committed 10496K, reserved 1048576K
}
Event: 3.157 GC heap before
{Heap before GC invocations=24 (full 0):
 garbage-first heap   total 133120K, used 93083K [0x0000000700000000, 0x0000000800000000)
  region size 2048K, 22 young (45056K), 4 survivors (8192K)
 Metaspace       used 77879K, committed 78464K, reserved 1122304K
  class space    used 10232K, committed 10496K, reserved 1048576K
}
Event: 3.162 GC heap after
{Heap after GC invocations=25 (full 0):
 garbage-first heap   total 133120K, used 65482K [0x0000000700000000, 0x0000000800000000)
  region size 2048K, 3 young (6144K), 3 survivors (6144K)
 Metaspace       used 77879K, committed 78464K, reserved 1122304K
  class space    used 10232K, committed 10496K, reserved 1048576K
}
Event: 3.199 GC heap before
{Heap before GC invocations=25 (full 0):
 garbage-first heap   total 133120K, used 94154K [0x0000000700000000, 0x0000000800000000)
  region size 2048K, 17 young (34816K), 3 survivors (6144K)
 Metaspace       used 77889K, committed 78464K, reserved 1122304K
  class space    used 10232K, committed 10496K, reserved 1048576K
}
Event: 3.202 GC heap after
{Heap after GC invocations=26 (full 0):
 garbage-first heap   total 133120K, used 68353K [0x0000000700000000, 0x0000000800000000)
  region size 2048K, 1 young (2048K), 1 survivors (2048K)
 Metaspace       used 77889K, committed 78464K, reserved 1122304K
  class space    used 10232K, committed 10496K, reserved 1048576K
}
Event: 3.251 GC heap before
{Heap before GC invocations=27 (full 0):
 garbage-first heap   total 133120K, used 97025K [0x0000000700000000, 0x0000000800000000)
  region size 2048K, 16 young (32768K), 1 survivors (2048K)
 Metaspace       used 78093K, committed 78656K, reserved 1122304K
  class space    used 10290K, committed 10560K, reserved 1048576K
}
Event: 3.252 GC heap after
{Heap after GC invocations=28 (full 0):
 garbage-first heap   total 133120K, used 65865K [0x0000000700000000, 0x0000000800000000)
  region size 2048K, 1 young (2048K), 1 survivors (2048K)
 Metaspace       used 78093K, committed 78656K, reserved 1122304K
  class space    used 10290K, committed 10560K, reserved 1048576K
}
Event: 3.258 GC heap before
{Heap before GC invocations=28 (full 0):
 garbage-first heap   total 133120K, used 69961K [0x0000000700000000, 0x0000000800000000)
  region size 2048K, 3 young (6144K), 1 survivors (2048K)
 Metaspace       used 78093K, committed 78656K, reserved 1122304K
  class space    used 10290K, committed 10560K, reserved 1048576K
}
Event: 3.259 GC heap after
{Heap after GC invocations=29 (full 0):
 garbage-first heap   total 241664K, used 55381K [0x0000000700000000, 0x0000000800000000)
  region size 2048K, 1 young (2048K), 1 survivors (2048K)
 Metaspace       used 78093K, committed 78656K, reserved 1122304K
  class space    used 10290K, committed 10560K, reserved 1048576K
}
Event: 3.271 GC heap before
{Heap before GC invocations=29 (full 0):
 garbage-first heap   total 241664K, used 63573K [0x0000000700000000, 0x0000000800000000)
  region size 2048K, 5 young (10240K), 1 survivors (2048K)
 Metaspace       used 78093K, committed 78656K, reserved 1122304K
  class space    used 10290K, committed 10560K, reserved 1048576K
}
Event: 3.273 GC heap after
{Heap after GC invocations=30 (full 0):
 garbage-first heap   total 241664K, used 52657K [0x0000000700000000, 0x0000000800000000)
  region size 2048K, 1 young (2048K), 1 survivors (2048K)
 Metaspace       used 78093K, committed 78656K, reserved 1122304K
  class space    used 10290K, committed 10560K, reserved 1048576K
}
Event: 36.816 GC heap before
{Heap before GC invocations=30 (full 0):
 garbage-first heap   total 241664K, used 177585K [0x0000000700000000, 0x0000000800000000)
  region size 2048K, 63 young (129024K), 1 survivors (2048K)
 Metaspace       used 86313K, committed 86848K, reserved 1130496K
  class space    used 11405K, committed 11648K, reserved 1048576K
}
Event: 36.822 GC heap after
{Heap after GC invocations=31 (full 0):
 garbage-first heap   total 241664K, used 58959K [0x0000000700000000, 0x0000000800000000)
  region size 2048K, 4 young (8192K), 4 survivors (8192K)
 Metaspace       used 86313K, committed 86848K, reserved 1130496K
  class space    used 11405K, committed 11648K, reserved 1048576K
}
Event: 171.753 GC heap before
{Heap before GC invocations=31 (full 0):
 garbage-first heap   total 241664K, used 77391K [0x0000000700000000, 0x0000000800000000)
  region size 2048K, 14 young (28672K), 4 survivors (8192K)
 Metaspace       used 87298K, committed 87872K, reserved 1130496K
  class space    used 11482K, committed 11776K, reserved 1048576K
}
Event: 171.787 GC heap after
{Heap after GC invocations=32 (full 1):
 garbage-first heap   total 143360K, used 35859K [0x0000000700000000, 0x0000000800000000)
  region size 2048K, 0 young (0K), 0 survivors (0K)
 Metaspace       used 87298K, committed 87872K, reserved 1130496K
  class space    used 11482K, committed 11776K, reserved 1048576K
}
Event: 172.083 GC heap before
{Heap before GC invocations=32 (full 1):
 garbage-first heap   total 143360K, used 99347K [0x0000000700000000, 0x0000000800000000)
  region size 2048K, 32 young (65536K), 0 survivors (0K)
 Metaspace       used 88366K, committed 89024K, reserved 1130496K
  class space    used 11525K, committed 11840K, reserved 1048576K
}
Event: 172.085 GC heap after
{Heap after GC invocations=33 (full 1):
 garbage-first heap   total 143360K, used 40902K [0x0000000700000000, 0x0000000800000000)
  region size 2048K, 3 young (6144K), 3 survivors (6144K)
 Metaspace       used 88366K, committed 89024K, reserved 1130496K
  class space    used 11525K, committed 11840K, reserved 1048576K
}

